<?xml version="1.0" encoding="UTF-8"?>
<!-- Generated by org.testng.reporters.JUnitReportReporter -->
<testsuite hostname="DELL-C0HKRC2" failures="0" tests="3" name="pruebas.Laboratorio5" time="7.443" errors="0" timestamp="2022-01-03T19:26:43 ART" skipped="0">
  <testcase classname="pruebas.Laboratorio5" name="login" time="3.828"/>
  <system-out/>
  <testcase classname="pruebas.Laboratorio5" name="buscar" time="2.100"/>
  <system-out/>
  <testcase classname="pruebas.Laboratorio5" name="irContactus" time="1.515"/>
  <system-out/>
</testsuite> <!-- pruebas.Laboratorio5 -->
