<?xml version="1.0" encoding="UTF-8"?>
<!-- Generated by org.testng.reporters.JUnitReportReporter -->
<testsuite hostname="DELL-C0HKRC2" failures="0" tests="5" name="pruebas.Laboratorio4_E2" time="17.965" errors="0" timestamp="2022-01-03T20:36:35 ART" skipped="0">
  <testcase classname="pruebas.Laboratorio4_E2" name="login" time="3.195"/>
  <system-out/>
  <testcase classname="pruebas.Laboratorio4_E2" name="login" time="3.764"/>
  <system-out/>
  <testcase classname="pruebas.Laboratorio4_E2" name="login" time="4.139"/>
  <system-out/>
  <testcase classname="pruebas.Laboratorio4_E2" name="login" time="3.141"/>
  <system-out/>
  <testcase classname="pruebas.Laboratorio4_E2" name="login" time="3.726"/>
  <system-out/>
</testsuite> <!-- pruebas.Laboratorio4_E2 -->
